0 info it worked if it ends with ok
1 verbose cli [
1 verbose cli   'C:\\Program Files\\nodejs\\node.exe',
1 verbose cli   'C:\\Program Files\\nodejs\\node_modules\\npm\\bin\\npm-cli.js',
1 verbose cli   'run',
1 verbose cli   'buildDev'
1 verbose cli ]
2 info using npm@6.14.10
3 info using node@v14.15.4
4 verbose run-script [ 'prebuildDev', 'buildDev', 'postbuildDev' ]
5 info lifecycle cart_node@1.0.0~prebuildDev: cart_node@1.0.0
6 info lifecycle cart_node@1.0.0~buildDev: cart_node@1.0.0
7 verbose lifecycle cart_node@1.0.0~buildDev: unsafe-perm in lifecycle true
8 verbose lifecycle cart_node@1.0.0~buildDev: PATH: C:\Program Files\nodejs\node_modules\npm\node_modules\npm-lifecycle\node-gyp-bin;D:\GeekBrains\JavaScript2\cart_node_webpack\node_modules\.bin;C:\ProgramData\Oracle\Java\javapath;C:\Program Files (x86)\PC Connectivity Solution\;C:\WINDOWS\system32;C:\WINDOWS;C:\WINDOWS\System32\Wbem;C:\WINDOWS\System32\WindowsPowerShell\v1.0\;C:\Program Files (x86)\ATI Technologies\ATI.ACE\Core-Static;C:\Program Files (x86)\Common Files\Apple\Internet Services\;C:\WINDOWS\System32\OpenSSH\;C:\xampp\php;C:\ProgramData\ComposerSetup\bin;C:\Program Files (x86)\QuickTime\QTSystem\;C:\Program Files\Git\cmd;C:\Program Files\nodejs\;C:\Users\rorux\AppData\Local\Microsoft\WindowsApps;C:\Users\rorux\AppData\Roaming\Composer\vendor\bin;;C:\Users\rorux\AppData\Local\Programs\Microsoft VS Code\bin;C:\Users\rorux\AppData\Roaming\npm
9 verbose lifecycle cart_node@1.0.0~buildDev: CWD: D:\GeekBrains\JavaScript2\cart_node_webpack
10 silly lifecycle cart_node@1.0.0~buildDev: Args: [
10 silly lifecycle   '/d /s /c',
10 silly lifecycle   'rmdir /s /q dist && webpack --mode development --config webpack.server.config.js && webpack --mode development --config webpack.dev.config.js'
10 silly lifecycle ]
11 silly lifecycle cart_node@1.0.0~buildDev: Returned: code: 2  signal: null
12 info lifecycle cart_node@1.0.0~buildDev: Failed to exec buildDev script
13 verbose stack Error: cart_node@1.0.0 buildDev: `rmdir /s /q dist && webpack --mode development --config webpack.server.config.js && webpack --mode development --config webpack.dev.config.js`
13 verbose stack Exit status 2
13 verbose stack     at EventEmitter.<anonymous> (C:\Program Files\nodejs\node_modules\npm\node_modules\npm-lifecycle\index.js:332:16)
13 verbose stack     at EventEmitter.emit (events.js:315:20)
13 verbose stack     at ChildProcess.<anonymous> (C:\Program Files\nodejs\node_modules\npm\node_modules\npm-lifecycle\lib\spawn.js:55:14)
13 verbose stack     at ChildProcess.emit (events.js:315:20)
13 verbose stack     at maybeClose (internal/child_process.js:1048:16)
13 verbose stack     at Process.ChildProcess._handle.onexit (internal/child_process.js:288:5)
14 verbose pkgid cart_node@1.0.0
15 verbose cwd D:\GeekBrains\JavaScript2\cart_node_webpack
16 verbose Windows_NT 10.0.18363
17 verbose argv "C:\\Program Files\\nodejs\\node.exe" "C:\\Program Files\\nodejs\\node_modules\\npm\\bin\\npm-cli.js" "run" "buildDev"
18 verbose node v14.15.4
19 verbose npm  v6.14.10
20 error code ELIFECYCLE
21 error errno 2
22 error cart_node@1.0.0 buildDev: `rmdir /s /q dist && webpack --mode development --config webpack.server.config.js && webpack --mode development --config webpack.dev.config.js`
22 error Exit status 2
23 error Failed at the cart_node@1.0.0 buildDev script.
23 error This is probably not a problem with npm. There is likely additional logging output above.
24 verbose exit [ 2, true ]
